2023-08-24 13:07:47.5501 DEBUG The application Started
2023-08-24 13:07:53.2669 DEBUG Hosting starting
2023-08-24 13:07:53.4317 INFO User profile is available. Using 'C:\Users\prajw\AppData\Local\ASP.NET\DataProtection-Keys' as key repository and Windows DPAPI to encrypt keys at rest.
2023-08-24 13:07:55.0008 DEBUG Reading data from file 'C:\Users\prajw\AppData\Local\ASP.NET\DataProtection-Keys\key-8776f35b-b60f-43bc-bc37-d8d7249e572b.xml'.
2023-08-24 13:07:55.0400 DEBUG Found key {8776f35b-b60f-43bc-bc37-d8d7249e572b}.
2023-08-24 13:07:55.0793 DEBUG Considering key {8776f35b-b60f-43bc-bc37-d8d7249e572b} with expiration date 2023-11-02 06:14:41Z as default key.
2023-08-24 13:07:55.1883 DEBUG Forwarded activator type request from Microsoft.AspNetCore.DataProtection.XmlEncryption.DpapiXmlDecryptor, Microsoft.AspNetCore.DataProtection, Version=3.1.32.0, Culture=neutral, PublicKeyToken=adb9793829ddae60 to Microsoft.AspNetCore.DataProtection.XmlEncryption.DpapiXmlDecryptor, Microsoft.AspNetCore.DataProtection, Culture=neutral, PublicKeyToken=adb9793829ddae60
2023-08-24 13:07:55.2140 DEBUG Decrypting secret element using Windows DPAPI.
2023-08-24 13:07:55.2176 DEBUG Forwarded activator type request from Microsoft.AspNetCore.DataProtection.AuthenticatedEncryption.ConfigurationModel.AuthenticatedEncryptorDescriptorDeserializer, Microsoft.AspNetCore.DataProtection, Version=3.1.32.0, Culture=neutral, PublicKeyToken=adb9793829ddae60 to Microsoft.AspNetCore.DataProtection.AuthenticatedEncryption.ConfigurationModel.AuthenticatedEncryptorDescriptorDeserializer, Microsoft.AspNetCore.DataProtection, Culture=neutral, PublicKeyToken=adb9793829ddae60
2023-08-24 13:07:55.2176 DEBUG Opening CNG algorithm 'AES' from provider '(null)' with chaining mode CBC.
2023-08-24 13:07:55.2176 DEBUG Opening CNG algorithm 'SHA256' from provider '(null)' with HMAC.
2023-08-24 13:07:55.2433 DEBUG Using key {8776f35b-b60f-43bc-bc37-d8d7249e572b} as the default key.
2023-08-24 13:07:55.2433 DEBUG Key ring with default key {8776f35b-b60f-43bc-bc37-d8d7249e572b} was loaded during application startup.
2023-08-24 13:07:55.2589 DEBUG Starting host: rabbitmq://localhost/
2023-08-24 13:07:55.3988 DEBUG Connect: guest@localhost:5672/
2023-08-24 13:07:55.9611 DEBUG Connected: guest@localhost:5672/ (address: amqp://localhost:5672, local: 52021)
2023-08-24 13:07:56.6642 DEBUG Loaded hosting startup assembly FundooNotes
2023-08-24 13:07:56.6642 DEBUG Loaded hosting startup assembly Microsoft.AspNetCore.Watch.BrowserRefresh
2023-08-24 13:07:56.6642 DEBUG Loaded hosting startup assembly Microsoft.WebTools.BrowserLink.Net
2023-08-24 13:07:56.6642 INFO Application started. Press Ctrl+C to shut down.
2023-08-24 13:07:56.6642 INFO Hosting environment: Development
2023-08-24 13:07:56.6642 INFO Content root path: C:\Users\prajw\source\repos\FundooNotes\FundooNotes
2023-08-24 13:07:56.6642 DEBUG Hosting started
2023-08-24 13:07:56.7831 INFO Request starting HTTP/2.0 GET https://localhost:44388/swagger  
2023-08-24 13:07:56.8741 DEBUG Wildcard detected, all requests with hosts will be allowed.
2023-08-24 13:07:56.8741 TRACE All hosts are allowed.
2023-08-24 13:07:57.1080 DEBUG AuthenticationScheme: Bearer was not authenticated.
2023-08-24 13:07:57.1233 TRACE Performing protect operation to key {8776f35b-b60f-43bc-bc37-d8d7249e572b} with purposes ('C:\Users\prajw\source\repos\FundooNotes\FundooNotes', 'SessionMiddleware').
2023-08-24 13:08:07.1482 ERROR Error closing the session.
2023-08-24 13:08:07.2666 DEBUG Connection ID "18302628899323904001" disconnecting.
2023-08-24 13:08:07.2666 INFO Request starting HTTP/2.0 GET https://localhost:44388/swagger/index.html  
2023-08-24 13:08:07.2815 TRACE All hosts are allowed.
2023-08-24 13:08:07.2815 DEBUG AuthenticationScheme: Bearer was not authenticated.
2023-08-24 13:08:07.2815 INFO Request finished in 10503.3076ms 301 
2023-08-24 13:08:07.2815 TRACE Performing protect operation to key {8776f35b-b60f-43bc-bc37-d8d7249e572b} with purposes ('C:\Users\prajw\source\repos\FundooNotes\FundooNotes', 'SessionMiddleware').
2023-08-24 13:08:07.4345 DEBUG Response markup is scheduled to include browser refresh script injection.
2023-08-24 13:08:07.8181 INFO Request starting HTTP/2.0 GET https://localhost:44388/swagger/swagger-ui-standalone-preset.js  
2023-08-24 13:08:07.8181 INFO Request starting HTTP/2.0 GET https://localhost:44388/_framework/aspnetcore-browser-refresh.js  
2023-08-24 13:08:07.8181 INFO Request starting HTTP/2.0 GET https://localhost:44388/swagger/swagger-ui-bundle.js  
2023-08-24 13:08:07.8181 INFO Request starting HTTP/2.0 GET https://localhost:44388/swagger/swagger-ui.css  
2023-08-24 13:08:07.8181 TRACE All hosts are allowed.
2023-08-24 13:08:07.8181 TRACE All hosts are allowed.
2023-08-24 13:08:07.8181 TRACE All hosts are allowed.
2023-08-24 13:08:07.8181 DEBUG AuthenticationScheme: Bearer was not authenticated.
2023-08-24 13:08:07.8181 DEBUG AuthenticationScheme: Bearer was not authenticated.
2023-08-24 13:08:07.8181 DEBUG AuthenticationScheme: Bearer was not authenticated.
2023-08-24 13:08:07.8181 INFO Request finished in 6.9088ms 200 application/javascript; charset=utf-8
2023-08-24 13:08:07.8181 INFO Request starting HTTP/2.0 GET https://localhost:44388/_vs/browserLink  
2023-08-24 13:08:07.8181 TRACE Performing protect operation to key {8776f35b-b60f-43bc-bc37-d8d7249e572b} with purposes ('C:\Users\prajw\source\repos\FundooNotes\FundooNotes', 'SessionMiddleware').
2023-08-24 13:08:07.8181 TRACE Performing protect operation to key {8776f35b-b60f-43bc-bc37-d8d7249e572b} with purposes ('C:\Users\prajw\source\repos\FundooNotes\FundooNotes', 'SessionMiddleware').
2023-08-24 13:08:07.8181 TRACE Performing protect operation to key {8776f35b-b60f-43bc-bc37-d8d7249e572b} with purposes ('C:\Users\prajw\source\repos\FundooNotes\FundooNotes', 'SessionMiddleware').
2023-08-24 13:08:07.8391 TRACE Range header's value is empty.
2023-08-24 13:08:07.8391 TRACE Range header's value is empty.
2023-08-24 13:08:07.8391 TRACE Range header's value is empty.
2023-08-24 13:08:07.9172 INFO Sending file. Request path: '/swagger-ui-standalone-preset.js'. Physical path: 'N/A'
2023-08-24 13:08:07.9172 INFO Sending file. Request path: '/swagger-ui.css'. Physical path: 'N/A'
2023-08-24 13:08:07.9350 INFO Sending file. Request path: '/swagger-ui-bundle.js'. Physical path: 'N/A'
2023-08-24 13:08:07.9720 INFO Request finished in 146.7567ms 200 text/javascript; charset=UTF-8
2023-08-24 13:08:20.0591 ERROR Error closing the session.
2023-08-24 13:08:20.0612 DEBUG Response markup was updated to include browser refresh script injection.
2023-08-24 13:08:20.0612 INFO Request finished in 12792.9119ms 200 text/html;charset=utf-8
2023-08-24 13:08:32.3673 ERROR Error closing the session.
2023-08-24 13:08:32.3673 INFO Request finished in 24552.3913ms 200 text/css
2023-08-24 13:08:40.5817 ERROR Error closing the session.
2023-08-24 13:08:40.5817 INFO Request finished in 32766.381ms 200 application/javascript
2023-08-24 13:08:52.8560 ERROR Error closing the session.
2023-08-24 13:08:52.8590 INFO Request finished in 45040.4588ms 200 application/javascript
2023-08-24 13:08:53.4051 INFO Request starting HTTP/2.0 GET https://localhost:44388/swagger/v1/swagger.json  
2023-08-24 13:08:53.4051 TRACE All hosts are allowed.
2023-08-24 13:08:53.4051 DEBUG AuthenticationScheme: Bearer was not authenticated.
2023-08-24 13:08:53.4051 TRACE Performing protect operation to key {8776f35b-b60f-43bc-bc37-d8d7249e572b} with purposes ('C:\Users\prajw\source\repos\FundooNotes\FundooNotes', 'SessionMiddleware').
2023-08-24 13:08:53.4863 INFO Request starting HTTP/2.0 GET https://localhost:44388/swagger/favicon-32x32.png  
2023-08-24 13:08:53.4863 TRACE All hosts are allowed.
2023-08-24 13:08:53.4863 DEBUG AuthenticationScheme: Bearer was not authenticated.
2023-08-24 13:08:53.4863 TRACE Performing protect operation to key {8776f35b-b60f-43bc-bc37-d8d7249e572b} with purposes ('C:\Users\prajw\source\repos\FundooNotes\FundooNotes', 'SessionMiddleware').
2023-08-24 13:08:53.4863 TRACE Range header's value is empty.
2023-08-24 13:08:53.4863 INFO Sending file. Request path: '/favicon-32x32.png'. Physical path: 'N/A'
2023-08-24 13:09:01.6845 ERROR Error closing the session.
2023-08-24 13:09:01.6869 INFO Request finished in 8200.4815ms 200 image/png
2023-08-24 13:09:09.9083 ERROR Error closing the session.
2023-08-24 13:09:09.9083 INFO Request finished in 16505.6302ms 200 application/json;charset=utf-8
2023-08-24 13:09:50.5210 INFO Request starting HTTP/2.0 POST https://localhost:44388/api/User/LoginWithoutAutho application/json 68
2023-08-24 13:09:50.5210 TRACE All hosts are allowed.
2023-08-24 13:09:50.5210 DEBUG The request has an origin header: 'https://localhost:44388'.
2023-08-24 13:09:50.5210 INFO CORS policy execution successful.
2023-08-24 13:09:50.5210 DEBUG AuthenticationScheme: Bearer was not authenticated.
2023-08-24 13:09:50.5210 TRACE Performing protect operation to key {8776f35b-b60f-43bc-bc37-d8d7249e572b} with purposes ('C:\Users\prajw\source\repos\FundooNotes\FundooNotes', 'SessionMiddleware').
2023-08-24 13:09:50.5210 DEBUG POST requests are not supported
2023-08-24 13:09:50.6353 DEBUG 1 candidate(s) found for the request path '/api/User/LoginWithoutAutho'
2023-08-24 13:09:50.6412 DEBUG Endpoint 'FundooNotes.Controllers.UserController.LoginWithoutAutho (FundooNotes)' with route pattern 'api/User/LoginWithoutAutho' is valid for the request path '/api/User/LoginWithoutAutho'
2023-08-24 13:09:50.6412 DEBUG Request matched endpoint 'FundooNotes.Controllers.UserController.LoginWithoutAutho (FundooNotes)'
2023-08-24 13:09:50.6412 INFO Executing endpoint 'FundooNotes.Controllers.UserController.LoginWithoutAutho (FundooNotes)'
2023-08-24 13:09:50.6655 DEBUG Registered model binder providers, in the following order: Microsoft.AspNetCore.Mvc.ModelBinding.Binders.BinderTypeModelBinderProvider, Microsoft.AspNetCore.Mvc.ModelBinding.Binders.ServicesModelBinderProvider, Microsoft.AspNetCore.Mvc.ModelBinding.Binders.BodyModelBinderProvider, Microsoft.AspNetCore.Mvc.ModelBinding.Binders.HeaderModelBinderProvider, Microsoft.AspNetCore.Mvc.ModelBinding.Binders.FloatingPointTypeModelBinderProvider, Microsoft.AspNetCore.Mvc.ModelBinding.Binders.EnumTypeModelBinderProvider, Microsoft.AspNetCore.Mvc.ModelBinding.Binders.SimpleTypeModelBinderProvider, Microsoft.AspNetCore.Mvc.ModelBinding.Binders.CancellationTokenModelBinderProvider, Microsoft.AspNetCore.Mvc.ModelBinding.Binders.ByteArrayModelBinderProvider, Microsoft.AspNetCore.Mvc.ModelBinding.Binders.FormFileModelBinderProvider, Microsoft.AspNetCore.Mvc.ModelBinding.Binders.FormCollectionModelBinderProvider, Microsoft.AspNetCore.Mvc.ModelBinding.Binders.KeyValuePairModelBinderProvider, Microsoft.AspNetCore.Mvc.ModelBinding.Binders.DictionaryModelBinderProvider, Microsoft.AspNetCore.Mvc.ModelBinding.Binders.ArrayModelBinderProvider, Microsoft.AspNetCore.Mvc.ModelBinding.Binders.CollectionModelBinderProvider, Microsoft.AspNetCore.Mvc.ModelBinding.Binders.ComplexTypeModelBinderProvider
2023-08-24 13:09:50.7525 INFO Route matched with {action = "LoginWithoutAutho", controller = "User"}. Executing controller action with signature Microsoft.AspNetCore.Mvc.IActionResult LoginWithoutAutho(CommonLayer.RequestModels.LoginModel) on controller FundooNotes.Controllers.UserController (FundooNotes).
2023-08-24 13:09:50.7525 DEBUG Execution plan of authorization filters (in the following order): None
2023-08-24 13:09:50.7525 DEBUG Execution plan of resource filters (in the following order): None
2023-08-24 13:09:50.7525 DEBUG Execution plan of action filters (in the following order): Microsoft.AspNetCore.Mvc.ModelBinding.UnsupportedContentTypeFilter (Order: -3000), Microsoft.AspNetCore.Mvc.Infrastructure.ModelStateInvalidFilter (Order: -2000)
2023-08-24 13:09:50.7525 DEBUG Execution plan of exception filters (in the following order): None
2023-08-24 13:09:50.7525 DEBUG Execution plan of result filters (in the following order): Microsoft.AspNetCore.Mvc.Infrastructure.ClientErrorResultFilter (Order: -2000)
2023-08-24 13:09:50.7525 DEBUG Executing controller factory for controller FundooNotes.Controllers.UserController (FundooNotes)
2023-08-24 13:09:51.1700 DEBUG An 'IServiceProvider' was created for internal use by Entity Framework.
2023-08-24 13:09:51.2211 DEBUG Executed controller factory for controller FundooNotes.Controllers.UserController (FundooNotes)
2023-08-24 13:09:51.2358 DEBUG Attempting to bind parameter 'loginModel' of type 'CommonLayer.RequestModels.LoginModel' ...
2023-08-24 13:09:51.2358 DEBUG Attempting to bind parameter 'loginModel' of type 'CommonLayer.RequestModels.LoginModel' using the name '' in request data ...
2023-08-24 13:09:51.2358 DEBUG Selected input formatter 'Microsoft.AspNetCore.Mvc.Formatters.SystemTextJsonInputFormatter' for content type 'application/json'.
2023-08-24 13:09:51.2664 DEBUG JSON input formatter succeeded, deserializing to type 'CommonLayer.RequestModels.LoginModel'
2023-08-24 13:09:51.2664 DEBUG Done attempting to bind parameter 'loginModel' of type 'CommonLayer.RequestModels.LoginModel'.
2023-08-24 13:09:51.2664 DEBUG Done attempting to bind parameter 'loginModel' of type 'CommonLayer.RequestModels.LoginModel'.
2023-08-24 13:09:51.2664 DEBUG Attempting to validate the bound parameter 'loginModel' of type 'CommonLayer.RequestModels.LoginModel' ...
2023-08-24 13:09:51.2664 DEBUG Done attempting to validate the bound parameter 'loginModel' of type 'CommonLayer.RequestModels.LoginModel'.
2023-08-24 13:09:51.2827 TRACE Action Filter: Before executing OnActionExecuting on filter Microsoft.AspNetCore.Mvc.ModelBinding.UnsupportedContentTypeFilter.
2023-08-24 13:09:51.2827 TRACE Action Filter: After executing OnActionExecuting on filter Microsoft.AspNetCore.Mvc.ModelBinding.UnsupportedContentTypeFilter.
2023-08-24 13:09:51.2827 TRACE Action Filter: Before executing OnActionExecuting on filter Microsoft.AspNetCore.Mvc.Infrastructure.ModelStateInvalidFilter.
2023-08-24 13:09:51.2827 TRACE Action Filter: After executing OnActionExecuting on filter Microsoft.AspNetCore.Mvc.Infrastructure.ModelStateInvalidFilter.
2023-08-24 13:09:51.2827 INFO Executing action method FundooNotes.Controllers.UserController.LoginWithoutAutho (FundooNotes) - Validation state: Valid
2023-08-24 13:09:51.2827 TRACE Executing action method FundooNotes.Controllers.UserController.LoginWithoutAutho (FundooNotes) with arguments (CommonLayer.RequestModels.LoginModel)
2023-08-24 13:09:52.9065 INFO Entity Framework Core 3.1.0 initialized 'Fundoo_Context' using provider 'Microsoft.EntityFrameworkCore.SqlServer' with options: None
2023-08-24 13:09:53.5535 DEBUG queryContext => new QueryingEnumerable<UserEntity>(
    (RelationalQueryContext)queryContext, 
    RelationalCommandCache, 
    null, 
    null, 
    Func<QueryContext, DbDataReader, ResultContext, int[], ResultCoordinator, UserEntity>, 
    RepositoryLayer.Context.Fundoo_Context, 
    DiagnosticsLogger<Query>
)
    .SingleOrDefault()
2023-08-24 13:09:53.6315 DEBUG Creating DbCommand for 'ExecuteReader'.
2023-08-24 13:09:54.0488 DEBUG Created DbCommand for 'ExecuteReader' (409ms).
2023-08-24 13:09:54.0770 DEBUG Opening connection to database 'FundooDB' on server 'PRAJWAL'.
2023-08-24 13:09:54.5433 DEBUG Opened connection to database 'FundooDB' on server 'PRAJWAL'.
2023-08-24 13:09:54.5852 DEBUG Executing DbCommand [Parameters=[@__8__locals1_loginModel_Email_0='?' (Size = 4000), @__encodedPassword_1='?' (Size = 4000)], CommandType='Text', CommandTimeout='30']
SELECT TOP(1) [u].[UserId], [u].[Email], [u].[FirstName], [u].[LastName], [u].[Password], [u].[createdAt], [u].[updatedAt]
FROM [Users] AS [u]
WHERE ([u].[Email] = @__8__locals1_loginModel_Email_0) AND ([u].[Password] = @__encodedPassword_1)
2023-08-24 13:09:54.8620 INFO Executed DbCommand (300ms) [Parameters=[@__8__locals1_loginModel_Email_0='?' (Size = 4000), @__encodedPassword_1='?' (Size = 4000)], CommandType='Text', CommandTimeout='30']
SELECT TOP(1) [u].[UserId], [u].[Email], [u].[FirstName], [u].[LastName], [u].[Password], [u].[createdAt], [u].[updatedAt]
FROM [Users] AS [u]
WHERE ([u].[Email] = @__8__locals1_loginModel_Email_0) AND ([u].[Password] = @__encodedPassword_1)
2023-08-24 13:09:55.0004 DEBUG Context 'Fundoo_Context' started tracking 'UserEntity' entity. Consider using 'DbContextOptionsBuilder.EnableSensitiveDataLogging' to see key values.
2023-08-24 13:09:55.0869 DEBUG A data reader was disposed.
2023-08-24 13:09:55.0977 DEBUG Closing connection to database 'FundooDB' on server 'PRAJWAL'.
2023-08-24 13:09:55.1129 DEBUG Closed connection to database 'FundooDB' on server 'PRAJWAL'.
2023-08-24 13:10:07.3963 ERROR Session cache read exception, Key:b0d3cebf-9957-6476-d309-5b970bb35b33
2023-08-24 13:10:07.4082 INFO Executed action method FundooNotes.Controllers.UserController.LoginWithoutAutho (FundooNotes), returned result Microsoft.AspNetCore.Mvc.OkObjectResult in 16105.5342ms.
2023-08-24 13:10:07.4082 TRACE Action Filter: Before executing OnActionExecuted on filter Microsoft.AspNetCore.Mvc.Infrastructure.ModelStateInvalidFilter.
2023-08-24 13:10:07.4082 TRACE Action Filter: After executing OnActionExecuted on filter Microsoft.AspNetCore.Mvc.Infrastructure.ModelStateInvalidFilter.
2023-08-24 13:10:07.4082 TRACE Action Filter: Before executing OnActionExecuted on filter Microsoft.AspNetCore.Mvc.ModelBinding.UnsupportedContentTypeFilter.
2023-08-24 13:10:07.4082 TRACE Action Filter: After executing OnActionExecuted on filter Microsoft.AspNetCore.Mvc.ModelBinding.UnsupportedContentTypeFilter.
2023-08-24 13:10:07.4082 TRACE Result Filter: Before executing OnResultExecuting on filter Microsoft.AspNetCore.Mvc.Infrastructure.ClientErrorResultFilter.
2023-08-24 13:10:07.4082 TRACE Result Filter: After executing OnResultExecuting on filter Microsoft.AspNetCore.Mvc.Infrastructure.ClientErrorResultFilter.
2023-08-24 13:10:07.4082 TRACE Before executing action result Microsoft.AspNetCore.Mvc.OkObjectResult.
2023-08-24 13:10:07.4221 DEBUG List of registered output formatters, in the following order: Microsoft.AspNetCore.Mvc.Formatters.HttpNoContentOutputFormatter, Microsoft.AspNetCore.Mvc.Formatters.StringOutputFormatter, Microsoft.AspNetCore.Mvc.Formatters.StreamOutputFormatter, Microsoft.AspNetCore.Mvc.Formatters.SystemTextJsonOutputFormatter
2023-08-24 13:10:07.4221 DEBUG No information found on request to perform content negotiation.
2023-08-24 13:10:07.4221 DEBUG Attempting to select an output formatter without using a content type as no explicit content types were specified for the response.
2023-08-24 13:10:07.4221 DEBUG Attempting to select the first formatter in the output formatters list which can write the result.
2023-08-24 13:10:07.4221 DEBUG Selected output formatter 'Microsoft.AspNetCore.Mvc.Formatters.SystemTextJsonOutputFormatter' and content type 'application/json' to write the response.
2023-08-24 13:10:07.4221 INFO Executing ObjectResult, writing value of type 'CommonLayer.Models.ResponseModel`1[[RepositoryLayer.Entity.UserEntity, RepositoryLayer, Version=1.0.0.0, Culture=neutral, PublicKeyToken=null]]'.
2023-08-24 13:10:07.4652 TRACE After executing action result Microsoft.AspNetCore.Mvc.OkObjectResult.
2023-08-24 13:10:07.4652 TRACE Result Filter: Before executing OnResultExecuted on filter Microsoft.AspNetCore.Mvc.Infrastructure.ClientErrorResultFilter.
2023-08-24 13:10:07.4652 TRACE Result Filter: After executing OnResultExecuted on filter Microsoft.AspNetCore.Mvc.Infrastructure.ClientErrorResultFilter.
2023-08-24 13:10:07.4754 INFO Executed action FundooNotes.Controllers.UserController.LoginWithoutAutho (FundooNotes) in 16710.6887ms
2023-08-24 13:10:07.4754 INFO Executed endpoint 'FundooNotes.Controllers.UserController.LoginWithoutAutho (FundooNotes)'
2023-08-24 13:10:15.6845 ERROR Error closing the session.
2023-08-24 13:10:15.6902 DEBUG 'Fundoo_Context' disposed.
2023-08-24 13:10:15.7015 INFO Request finished in 25181.417ms 200 application/json; charset=utf-8
2023-08-24 13:11:14.8722 INFO Request starting HTTP/2.0 POST https://localhost:44388/api/Note/takeANote application/json 285
2023-08-24 13:11:14.8736 TRACE All hosts are allowed.
2023-08-24 13:11:14.8736 DEBUG The request has an origin header: 'https://localhost:44388'.
2023-08-24 13:11:14.8736 INFO CORS policy execution successful.
2023-08-24 13:11:14.8736 DEBUG AuthenticationScheme: Bearer was not authenticated.
2023-08-24 13:11:14.8736 TRACE Performing protect operation to key {8776f35b-b60f-43bc-bc37-d8d7249e572b} with purposes ('C:\Users\prajw\source\repos\FundooNotes\FundooNotes', 'SessionMiddleware').
2023-08-24 13:11:14.8736 DEBUG POST requests are not supported
2023-08-24 13:11:14.8736 DEBUG 1 candidate(s) found for the request path '/api/Note/takeANote'
2023-08-24 13:11:14.8736 DEBUG Endpoint 'FundooNotes.Controllers.NoteController.takeANote (FundooNotes)' with route pattern 'api/Note/takeANote' is valid for the request path '/api/Note/takeANote'
2023-08-24 13:11:14.8736 DEBUG Request matched endpoint 'FundooNotes.Controllers.NoteController.takeANote (FundooNotes)'
2023-08-24 13:11:14.8736 INFO Executing endpoint 'FundooNotes.Controllers.NoteController.takeANote (FundooNotes)'
2023-08-24 13:11:14.9069 INFO Route matched with {action = "takeANote", controller = "Note"}. Executing controller action with signature Microsoft.AspNetCore.Mvc.ActionResult takeANote(CommonLayer.RequestModels.TakeANoteModel) on controller FundooNotes.Controllers.NoteController (FundooNotes).
2023-08-24 13:11:14.9069 DEBUG Execution plan of authorization filters (in the following order): None
2023-08-24 13:11:14.9069 DEBUG Execution plan of resource filters (in the following order): None
2023-08-24 13:11:14.9069 DEBUG Execution plan of action filters (in the following order): Microsoft.AspNetCore.Mvc.ModelBinding.UnsupportedContentTypeFilter (Order: -3000), Microsoft.AspNetCore.Mvc.Infrastructure.ModelStateInvalidFilter (Order: -2000)
2023-08-24 13:11:14.9069 DEBUG Execution plan of exception filters (in the following order): None
2023-08-24 13:11:14.9069 DEBUG Execution plan of result filters (in the following order): Microsoft.AspNetCore.Mvc.Infrastructure.ClientErrorResultFilter (Order: -2000)
2023-08-24 13:11:14.9069 DEBUG Executing controller factory for controller FundooNotes.Controllers.NoteController (FundooNotes)
2023-08-24 13:11:14.9069 DEBUG Executed controller factory for controller FundooNotes.Controllers.NoteController (FundooNotes)
2023-08-24 13:11:14.9069 DEBUG Attempting to bind parameter 'takeANoteModel' of type 'CommonLayer.RequestModels.TakeANoteModel' ...
2023-08-24 13:11:14.9069 DEBUG Attempting to bind parameter 'takeANoteModel' of type 'CommonLayer.RequestModels.TakeANoteModel' using the name '' in request data ...
2023-08-24 13:11:14.9276 DEBUG Selected input formatter 'Microsoft.AspNetCore.Mvc.Formatters.SystemTextJsonInputFormatter' for content type 'application/json'.
2023-08-24 13:11:14.9460 DEBUG JSON input formatter succeeded, deserializing to type 'CommonLayer.RequestModels.TakeANoteModel'
2023-08-24 13:11:14.9460 DEBUG Done attempting to bind parameter 'takeANoteModel' of type 'CommonLayer.RequestModels.TakeANoteModel'.
2023-08-24 13:11:14.9460 DEBUG Done attempting to bind parameter 'takeANoteModel' of type 'CommonLayer.RequestModels.TakeANoteModel'.
2023-08-24 13:11:14.9460 DEBUG Attempting to validate the bound parameter 'takeANoteModel' of type 'CommonLayer.RequestModels.TakeANoteModel' ...
2023-08-24 13:11:14.9460 DEBUG Done attempting to validate the bound parameter 'takeANoteModel' of type 'CommonLayer.RequestModels.TakeANoteModel'.
2023-08-24 13:11:14.9460 TRACE Action Filter: Before executing OnActionExecuting on filter Microsoft.AspNetCore.Mvc.ModelBinding.UnsupportedContentTypeFilter.
2023-08-24 13:11:14.9460 TRACE Action Filter: After executing OnActionExecuting on filter Microsoft.AspNetCore.Mvc.ModelBinding.UnsupportedContentTypeFilter.
2023-08-24 13:11:14.9460 TRACE Action Filter: Before executing OnActionExecuting on filter Microsoft.AspNetCore.Mvc.Infrastructure.ModelStateInvalidFilter.
2023-08-24 13:11:14.9460 TRACE Action Filter: After executing OnActionExecuting on filter Microsoft.AspNetCore.Mvc.Infrastructure.ModelStateInvalidFilter.
2023-08-24 13:11:14.9460 INFO Executing action method FundooNotes.Controllers.NoteController.takeANote (FundooNotes) - Validation state: Valid
2023-08-24 13:11:14.9460 TRACE Executing action method FundooNotes.Controllers.NoteController.takeANote (FundooNotes) with arguments (CommonLayer.RequestModels.TakeANoteModel)
2023-08-24 13:11:48.1672 ERROR Session cache read exception, Key:65503842-2300-b88e-b2fc-006b9556cbf4
2023-08-24 13:11:56.2993 ERROR System.InvalidOperationException: Nullable object must have a value.
   at System.Nullable`1.get_Value()
   at FundooNotes.Controllers.NoteController.takeANote(TakeANoteModel takeANoteModel) in C:\Users\prajw\source\repos\FundooNotes\FundooNotes\Controllers\NoteController.cs:line 45
2023-08-24 13:11:56.2993 INFO Executed action method FundooNotes.Controllers.NoteController.takeANote (FundooNotes), returned result Microsoft.AspNetCore.Mvc.BadRequestObjectResult in 41352.8722ms.
2023-08-24 13:11:56.2993 TRACE Action Filter: Before executing OnActionExecuted on filter Microsoft.AspNetCore.Mvc.Infrastructure.ModelStateInvalidFilter.
2023-08-24 13:11:56.2993 TRACE Action Filter: After executing OnActionExecuted on filter Microsoft.AspNetCore.Mvc.Infrastructure.ModelStateInvalidFilter.
2023-08-24 13:11:56.2993 TRACE Action Filter: Before executing OnActionExecuted on filter Microsoft.AspNetCore.Mvc.ModelBinding.UnsupportedContentTypeFilter.
2023-08-24 13:11:56.2993 TRACE Action Filter: After executing OnActionExecuted on filter Microsoft.AspNetCore.Mvc.ModelBinding.UnsupportedContentTypeFilter.
2023-08-24 13:11:56.2993 TRACE Result Filter: Before executing OnResultExecuting on filter Microsoft.AspNetCore.Mvc.Infrastructure.ClientErrorResultFilter.
2023-08-24 13:11:56.2993 TRACE Result Filter: After executing OnResultExecuting on filter Microsoft.AspNetCore.Mvc.Infrastructure.ClientErrorResultFilter.
2023-08-24 13:11:56.2993 TRACE Before executing action result Microsoft.AspNetCore.Mvc.BadRequestObjectResult.
2023-08-24 13:11:56.2993 DEBUG List of registered output formatters, in the following order: Microsoft.AspNetCore.Mvc.Formatters.HttpNoContentOutputFormatter, Microsoft.AspNetCore.Mvc.Formatters.StringOutputFormatter, Microsoft.AspNetCore.Mvc.Formatters.StreamOutputFormatter, Microsoft.AspNetCore.Mvc.Formatters.SystemTextJsonOutputFormatter
2023-08-24 13:11:56.2993 DEBUG No information found on request to perform content negotiation.
2023-08-24 13:11:56.2993 DEBUG Attempting to select an output formatter without using a content type as no explicit content types were specified for the response.
2023-08-24 13:11:56.2993 DEBUG Attempting to select the first formatter in the output formatters list which can write the result.
2023-08-24 13:11:56.2993 DEBUG Selected output formatter 'Microsoft.AspNetCore.Mvc.Formatters.StringOutputFormatter' and content type 'text/plain' to write the response.
2023-08-24 13:11:56.2993 INFO Executing ObjectResult, writing value of type 'System.String'.
2023-08-24 13:11:56.2993 TRACE After executing action result Microsoft.AspNetCore.Mvc.BadRequestObjectResult.
2023-08-24 13:11:56.2993 TRACE Result Filter: Before executing OnResultExecuted on filter Microsoft.AspNetCore.Mvc.Infrastructure.ClientErrorResultFilter.
2023-08-24 13:11:56.2993 TRACE Result Filter: After executing OnResultExecuted on filter Microsoft.AspNetCore.Mvc.Infrastructure.ClientErrorResultFilter.
2023-08-24 13:11:56.2993 INFO Executed action FundooNotes.Controllers.NoteController.takeANote (FundooNotes) in 41397.2738ms
2023-08-24 13:11:56.2993 INFO Executed endpoint 'FundooNotes.Controllers.NoteController.takeANote (FundooNotes)'
2023-08-24 13:12:09.5283 ERROR Error closing the session.
2023-08-24 13:12:09.5283 INFO Request finished in 54657.1073ms 400 text/plain; charset=utf-8
2023-08-24 13:12:11.8704 INFO Request starting HTTP/2.0 POST https://localhost:44388/api/Note/takeANote application/json 285
2023-08-24 13:12:11.8704 TRACE All hosts are allowed.
2023-08-24 13:12:11.8704 DEBUG The request has an origin header: 'https://localhost:44388'.
2023-08-24 13:12:11.8704 INFO CORS policy execution successful.
2023-08-24 13:12:11.8733 DEBUG AuthenticationScheme: Bearer was not authenticated.
2023-08-24 13:12:11.8733 TRACE Performing protect operation to key {8776f35b-b60f-43bc-bc37-d8d7249e572b} with purposes ('C:\Users\prajw\source\repos\FundooNotes\FundooNotes', 'SessionMiddleware').
2023-08-24 13:12:11.8733 DEBUG POST requests are not supported
2023-08-24 13:12:11.8733 DEBUG 1 candidate(s) found for the request path '/api/Note/takeANote'
2023-08-24 13:12:11.8733 DEBUG Endpoint 'FundooNotes.Controllers.NoteController.takeANote (FundooNotes)' with route pattern 'api/Note/takeANote' is valid for the request path '/api/Note/takeANote'
2023-08-24 13:12:11.8733 DEBUG Request matched endpoint 'FundooNotes.Controllers.NoteController.takeANote (FundooNotes)'
2023-08-24 13:12:11.8733 INFO Executing endpoint 'FundooNotes.Controllers.NoteController.takeANote (FundooNotes)'
2023-08-24 13:12:11.8733 INFO Route matched with {action = "takeANote", controller = "Note"}. Executing controller action with signature Microsoft.AspNetCore.Mvc.ActionResult takeANote(CommonLayer.RequestModels.TakeANoteModel) on controller FundooNotes.Controllers.NoteController (FundooNotes).
2023-08-24 13:12:11.8733 DEBUG Execution plan of authorization filters (in the following order): None
2023-08-24 13:12:11.8733 DEBUG Execution plan of resource filters (in the following order): None
2023-08-24 13:12:11.8733 DEBUG Execution plan of action filters (in the following order): Microsoft.AspNetCore.Mvc.ModelBinding.UnsupportedContentTypeFilter (Order: -3000), Microsoft.AspNetCore.Mvc.Infrastructure.ModelStateInvalidFilter (Order: -2000)
2023-08-24 13:12:11.8733 DEBUG Execution plan of exception filters (in the following order): None
2023-08-24 13:12:11.8733 DEBUG Execution plan of result filters (in the following order): Microsoft.AspNetCore.Mvc.Infrastructure.ClientErrorResultFilter (Order: -2000)
2023-08-24 13:12:11.8733 DEBUG Executing controller factory for controller FundooNotes.Controllers.NoteController (FundooNotes)
2023-08-24 13:12:11.8733 DEBUG Executed controller factory for controller FundooNotes.Controllers.NoteController (FundooNotes)
2023-08-24 13:12:11.8733 DEBUG Attempting to bind parameter 'takeANoteModel' of type 'CommonLayer.RequestModels.TakeANoteModel' ...
2023-08-24 13:12:11.8733 DEBUG Attempting to bind parameter 'takeANoteModel' of type 'CommonLayer.RequestModels.TakeANoteModel' using the name '' in request data ...
2023-08-24 13:12:11.8733 DEBUG Selected input formatter 'Microsoft.AspNetCore.Mvc.Formatters.SystemTextJsonInputFormatter' for content type 'application/json'.
2023-08-24 13:12:11.8733 DEBUG JSON input formatter succeeded, deserializing to type 'CommonLayer.RequestModels.TakeANoteModel'
2023-08-24 13:12:11.8733 DEBUG Done attempting to bind parameter 'takeANoteModel' of type 'CommonLayer.RequestModels.TakeANoteModel'.
2023-08-24 13:12:11.8733 DEBUG Done attempting to bind parameter 'takeANoteModel' of type 'CommonLayer.RequestModels.TakeANoteModel'.
2023-08-24 13:12:11.8733 DEBUG Attempting to validate the bound parameter 'takeANoteModel' of type 'CommonLayer.RequestModels.TakeANoteModel' ...
2023-08-24 13:12:11.8733 DEBUG Done attempting to validate the bound parameter 'takeANoteModel' of type 'CommonLayer.RequestModels.TakeANoteModel'.
2023-08-24 13:12:11.8733 TRACE Action Filter: Before executing OnActionExecuting on filter Microsoft.AspNetCore.Mvc.ModelBinding.UnsupportedContentTypeFilter.
2023-08-24 13:12:11.8733 TRACE Action Filter: After executing OnActionExecuting on filter Microsoft.AspNetCore.Mvc.ModelBinding.UnsupportedContentTypeFilter.
2023-08-24 13:12:11.8733 TRACE Action Filter: Before executing OnActionExecuting on filter Microsoft.AspNetCore.Mvc.Infrastructure.ModelStateInvalidFilter.
2023-08-24 13:12:11.8733 TRACE Action Filter: After executing OnActionExecuting on filter Microsoft.AspNetCore.Mvc.Infrastructure.ModelStateInvalidFilter.
2023-08-24 13:12:11.8733 INFO Executing action method FundooNotes.Controllers.NoteController.takeANote (FundooNotes) - Validation state: Valid
2023-08-24 13:12:11.8890 TRACE Executing action method FundooNotes.Controllers.NoteController.takeANote (FundooNotes) with arguments (CommonLayer.RequestModels.TakeANoteModel)
2023-08-24 13:12:21.7035 ERROR Session cache read exception, Key:fde568b3-05cb-c9a8-a684-3237fb82ae60
2023-08-24 13:13:36.8595 ERROR System.InvalidOperationException: Nullable object must have a value.
   at System.Nullable`1.get_Value()
   at FundooNotes.Controllers.NoteController.takeANote(TakeANoteModel takeANoteModel) in C:\Users\prajw\source\repos\FundooNotes\FundooNotes\Controllers\NoteController.cs:line 45
2023-08-24 13:13:36.8595 INFO Executed action method FundooNotes.Controllers.NoteController.takeANote (FundooNotes), returned result Microsoft.AspNetCore.Mvc.BadRequestObjectResult in 84970.747ms.
2023-08-24 13:13:36.8595 TRACE Action Filter: Before executing OnActionExecuted on filter Microsoft.AspNetCore.Mvc.Infrastructure.ModelStateInvalidFilter.
2023-08-24 13:13:36.8595 TRACE Action Filter: After executing OnActionExecuted on filter Microsoft.AspNetCore.Mvc.Infrastructure.ModelStateInvalidFilter.
2023-08-24 13:13:36.8595 TRACE Action Filter: Before executing OnActionExecuted on filter Microsoft.AspNetCore.Mvc.ModelBinding.UnsupportedContentTypeFilter.
2023-08-24 13:13:36.8595 TRACE Action Filter: After executing OnActionExecuted on filter Microsoft.AspNetCore.Mvc.ModelBinding.UnsupportedContentTypeFilter.
2023-08-24 13:13:36.8595 TRACE Result Filter: Before executing OnResultExecuting on filter Microsoft.AspNetCore.Mvc.Infrastructure.ClientErrorResultFilter.
2023-08-24 13:13:36.8595 TRACE Result Filter: After executing OnResultExecuting on filter Microsoft.AspNetCore.Mvc.Infrastructure.ClientErrorResultFilter.
2023-08-24 13:13:36.8595 TRACE Before executing action result Microsoft.AspNetCore.Mvc.BadRequestObjectResult.
2023-08-24 13:13:36.8595 DEBUG List of registered output formatters, in the following order: Microsoft.AspNetCore.Mvc.Formatters.HttpNoContentOutputFormatter, Microsoft.AspNetCore.Mvc.Formatters.StringOutputFormatter, Microsoft.AspNetCore.Mvc.Formatters.StreamOutputFormatter, Microsoft.AspNetCore.Mvc.Formatters.SystemTextJsonOutputFormatter
2023-08-24 13:13:36.8595 DEBUG No information found on request to perform content negotiation.
2023-08-24 13:13:36.8595 DEBUG Attempting to select an output formatter without using a content type as no explicit content types were specified for the response.
2023-08-24 13:13:36.8595 DEBUG Attempting to select the first formatter in the output formatters list which can write the result.
2023-08-24 13:13:36.8595 DEBUG Selected output formatter 'Microsoft.AspNetCore.Mvc.Formatters.StringOutputFormatter' and content type 'text/plain' to write the response.
2023-08-24 13:13:36.8595 INFO Executing ObjectResult, writing value of type 'System.String'.
2023-08-24 13:13:36.8595 TRACE After executing action result Microsoft.AspNetCore.Mvc.BadRequestObjectResult.
2023-08-24 13:13:36.8595 TRACE Result Filter: Before executing OnResultExecuted on filter Microsoft.AspNetCore.Mvc.Infrastructure.ClientErrorResultFilter.
2023-08-24 13:13:36.8595 TRACE Result Filter: After executing OnResultExecuted on filter Microsoft.AspNetCore.Mvc.Infrastructure.ClientErrorResultFilter.
2023-08-24 13:13:36.8595 INFO Executed action FundooNotes.Controllers.NoteController.takeANote (FundooNotes) in 84979.3109ms
2023-08-24 13:13:36.8595 INFO Executed endpoint 'FundooNotes.Controllers.NoteController.takeANote (FundooNotes)'
2023-08-24 13:13:49.1009 ERROR Error closing the session.
2023-08-24 13:13:49.1009 INFO Request finished in 97231.4873ms 400 text/plain; charset=utf-8
2023-08-24 13:14:02.5095 INFO Request starting HTTP/2.0 POST https://localhost:44388/api/User/LoginWithoutAutho application/json 68
2023-08-24 13:14:02.5095 TRACE All hosts are allowed.
2023-08-24 13:14:02.5095 DEBUG The request has an origin header: 'https://localhost:44388'.
2023-08-24 13:14:02.5095 INFO CORS policy execution successful.
2023-08-24 13:14:02.5095 DEBUG AuthenticationScheme: Bearer was not authenticated.
2023-08-24 13:14:02.5095 TRACE Performing protect operation to key {8776f35b-b60f-43bc-bc37-d8d7249e572b} with purposes ('C:\Users\prajw\source\repos\FundooNotes\FundooNotes', 'SessionMiddleware').
2023-08-24 13:14:02.5095 DEBUG POST requests are not supported
2023-08-24 13:14:02.5143 DEBUG 1 candidate(s) found for the request path '/api/User/LoginWithoutAutho'
2023-08-24 13:14:02.5143 DEBUG Endpoint 'FundooNotes.Controllers.UserController.LoginWithoutAutho (FundooNotes)' with route pattern 'api/User/LoginWithoutAutho' is valid for the request path '/api/User/LoginWithoutAutho'
2023-08-24 13:14:02.5143 DEBUG Request matched endpoint 'FundooNotes.Controllers.UserController.LoginWithoutAutho (FundooNotes)'
2023-08-24 13:14:02.5143 INFO Executing endpoint 'FundooNotes.Controllers.UserController.LoginWithoutAutho (FundooNotes)'
2023-08-24 13:14:02.5143 INFO Route matched with {action = "LoginWithoutAutho", controller = "User"}. Executing controller action with signature Microsoft.AspNetCore.Mvc.IActionResult LoginWithoutAutho(CommonLayer.RequestModels.LoginModel) on controller FundooNotes.Controllers.UserController (FundooNotes).
2023-08-24 13:14:02.5143 DEBUG Execution plan of authorization filters (in the following order): None
2023-08-24 13:14:02.5143 DEBUG Execution plan of resource filters (in the following order): None
2023-08-24 13:14:02.5143 DEBUG Execution plan of action filters (in the following order): Microsoft.AspNetCore.Mvc.ModelBinding.UnsupportedContentTypeFilter (Order: -3000), Microsoft.AspNetCore.Mvc.Infrastructure.ModelStateInvalidFilter (Order: -2000)
2023-08-24 13:14:02.5143 DEBUG Execution plan of exception filters (in the following order): None
2023-08-24 13:14:02.5143 DEBUG Execution plan of result filters (in the following order): Microsoft.AspNetCore.Mvc.Infrastructure.ClientErrorResultFilter (Order: -2000)
2023-08-24 13:14:02.5143 DEBUG Executing controller factory for controller FundooNotes.Controllers.UserController (FundooNotes)
2023-08-24 13:14:02.5143 DEBUG Executed controller factory for controller FundooNotes.Controllers.UserController (FundooNotes)
2023-08-24 13:14:02.5143 DEBUG Attempting to bind parameter 'loginModel' of type 'CommonLayer.RequestModels.LoginModel' ...
2023-08-24 13:14:02.5143 DEBUG Attempting to bind parameter 'loginModel' of type 'CommonLayer.RequestModels.LoginModel' using the name '' in request data ...
2023-08-24 13:14:02.5143 DEBUG Selected input formatter 'Microsoft.AspNetCore.Mvc.Formatters.SystemTextJsonInputFormatter' for content type 'application/json'.
2023-08-24 13:14:02.5143 DEBUG JSON input formatter succeeded, deserializing to type 'CommonLayer.RequestModels.LoginModel'
2023-08-24 13:14:02.5143 DEBUG Done attempting to bind parameter 'loginModel' of type 'CommonLayer.RequestModels.LoginModel'.
2023-08-24 13:14:02.5143 DEBUG Done attempting to bind parameter 'loginModel' of type 'CommonLayer.RequestModels.LoginModel'.
2023-08-24 13:14:02.5143 DEBUG Attempting to validate the bound parameter 'loginModel' of type 'CommonLayer.RequestModels.LoginModel' ...
2023-08-24 13:14:02.5143 DEBUG Done attempting to validate the bound parameter 'loginModel' of type 'CommonLayer.RequestModels.LoginModel'.
2023-08-24 13:14:02.5143 TRACE Action Filter: Before executing OnActionExecuting on filter Microsoft.AspNetCore.Mvc.ModelBinding.UnsupportedContentTypeFilter.
2023-08-24 13:14:02.5143 TRACE Action Filter: After executing OnActionExecuting on filter Microsoft.AspNetCore.Mvc.ModelBinding.UnsupportedContentTypeFilter.
2023-08-24 13:14:02.5143 TRACE Action Filter: Before executing OnActionExecuting on filter Microsoft.AspNetCore.Mvc.Infrastructure.ModelStateInvalidFilter.
2023-08-24 13:14:02.5143 TRACE Action Filter: After executing OnActionExecuting on filter Microsoft.AspNetCore.Mvc.Infrastructure.ModelStateInvalidFilter.
2023-08-24 13:14:02.5143 INFO Executing action method FundooNotes.Controllers.UserController.LoginWithoutAutho (FundooNotes) - Validation state: Valid
2023-08-24 13:14:02.5143 TRACE Executing action method FundooNotes.Controllers.UserController.LoginWithoutAutho (FundooNotes) with arguments (CommonLayer.RequestModels.LoginModel)
2023-08-24 13:14:02.5847 INFO Entity Framework Core 3.1.0 initialized 'Fundoo_Context' using provider 'Microsoft.EntityFrameworkCore.SqlServer' with options: None
2023-08-24 13:14:02.5951 DEBUG Creating DbCommand for 'ExecuteReader'.
2023-08-24 13:14:02.5951 DEBUG Created DbCommand for 'ExecuteReader' (0ms).
2023-08-24 13:14:02.5951 DEBUG Opening connection to database 'FundooDB' on server 'PRAJWAL'.
2023-08-24 13:14:02.5951 DEBUG Opened connection to database 'FundooDB' on server 'PRAJWAL'.
2023-08-24 13:14:02.5951 DEBUG Executing DbCommand [Parameters=[@__8__locals1_loginModel_Email_0='?' (Size = 4000), @__encodedPassword_1='?' (Size = 4000)], CommandType='Text', CommandTimeout='30']
SELECT TOP(1) [u].[UserId], [u].[Email], [u].[FirstName], [u].[LastName], [u].[Password], [u].[createdAt], [u].[updatedAt]
FROM [Users] AS [u]
WHERE ([u].[Email] = @__8__locals1_loginModel_Email_0) AND ([u].[Password] = @__encodedPassword_1)
2023-08-24 13:14:02.6233 INFO Executed DbCommand (24ms) [Parameters=[@__8__locals1_loginModel_Email_0='?' (Size = 4000), @__encodedPassword_1='?' (Size = 4000)], CommandType='Text', CommandTimeout='30']
SELECT TOP(1) [u].[UserId], [u].[Email], [u].[FirstName], [u].[LastName], [u].[Password], [u].[createdAt], [u].[updatedAt]
FROM [Users] AS [u]
WHERE ([u].[Email] = @__8__locals1_loginModel_Email_0) AND ([u].[Password] = @__encodedPassword_1)
2023-08-24 13:14:02.6233 DEBUG Context 'Fundoo_Context' started tracking 'UserEntity' entity. Consider using 'DbContextOptionsBuilder.EnableSensitiveDataLogging' to see key values.
2023-08-24 13:14:02.6233 DEBUG A data reader was disposed.
2023-08-24 13:14:02.6233 DEBUG Closing connection to database 'FundooDB' on server 'PRAJWAL'.
2023-08-24 13:14:02.6233 DEBUG Closed connection to database 'FundooDB' on server 'PRAJWAL'.
2023-08-24 13:14:19.9956 ERROR Session cache read exception, Key:4ae29937-7274-756b-f502-1f82dfa0ea08
2023-08-24 13:19:58.2699 INFO Executed action method FundooNotes.Controllers.UserController.LoginWithoutAutho (FundooNotes), returned result Microsoft.AspNetCore.Mvc.OkObjectResult in 355750.877ms.
2023-08-24 13:19:58.2699 TRACE Action Filter: Before executing OnActionExecuted on filter Microsoft.AspNetCore.Mvc.Infrastructure.ModelStateInvalidFilter.
2023-08-24 13:19:58.2699 TRACE Action Filter: After executing OnActionExecuted on filter Microsoft.AspNetCore.Mvc.Infrastructure.ModelStateInvalidFilter.
2023-08-24 13:19:58.2699 TRACE Action Filter: Before executing OnActionExecuted on filter Microsoft.AspNetCore.Mvc.ModelBinding.UnsupportedContentTypeFilter.
2023-08-24 13:19:58.2699 TRACE Action Filter: After executing OnActionExecuted on filter Microsoft.AspNetCore.Mvc.ModelBinding.UnsupportedContentTypeFilter.
2023-08-24 13:19:58.2699 TRACE Result Filter: Before executing OnResultExecuting on filter Microsoft.AspNetCore.Mvc.Infrastructure.ClientErrorResultFilter.
2023-08-24 13:19:58.2699 TRACE Result Filter: After executing OnResultExecuting on filter Microsoft.AspNetCore.Mvc.Infrastructure.ClientErrorResultFilter.
2023-08-24 13:19:58.2699 TRACE Before executing action result Microsoft.AspNetCore.Mvc.OkObjectResult.
2023-08-24 13:19:58.2699 DEBUG List of registered output formatters, in the following order: Microsoft.AspNetCore.Mvc.Formatters.HttpNoContentOutputFormatter, Microsoft.AspNetCore.Mvc.Formatters.StringOutputFormatter, Microsoft.AspNetCore.Mvc.Formatters.StreamOutputFormatter, Microsoft.AspNetCore.Mvc.Formatters.SystemTextJsonOutputFormatter
2023-08-24 13:19:58.2699 DEBUG No information found on request to perform content negotiation.
2023-08-24 13:19:58.2699 DEBUG Attempting to select an output formatter without using a content type as no explicit content types were specified for the response.
2023-08-24 13:19:58.2699 DEBUG Attempting to select the first formatter in the output formatters list which can write the result.
2023-08-24 13:19:58.2699 DEBUG Selected output formatter 'Microsoft.AspNetCore.Mvc.Formatters.SystemTextJsonOutputFormatter' and content type 'application/json' to write the response.
2023-08-24 13:19:58.2699 INFO Executing ObjectResult, writing value of type 'CommonLayer.Models.ResponseModel`1[[RepositoryLayer.Entity.UserEntity, RepositoryLayer, Version=1.0.0.0, Culture=neutral, PublicKeyToken=null]]'.
2023-08-24 13:19:58.2828 TRACE After executing action result Microsoft.AspNetCore.Mvc.OkObjectResult.
2023-08-24 13:19:58.2828 TRACE Result Filter: Before executing OnResultExecuted on filter Microsoft.AspNetCore.Mvc.Infrastructure.ClientErrorResultFilter.
2023-08-24 13:19:58.2828 TRACE Result Filter: After executing OnResultExecuted on filter Microsoft.AspNetCore.Mvc.Infrastructure.ClientErrorResultFilter.
2023-08-24 13:19:58.2828 INFO Executed action FundooNotes.Controllers.UserController.LoginWithoutAutho (FundooNotes) in 355767.69ms
2023-08-24 13:19:58.2828 INFO Executed endpoint 'FundooNotes.Controllers.UserController.LoginWithoutAutho (FundooNotes)'
2023-08-24 13:19:58.3480 DEBUG Disconnect: guest@localhost:5672/
2023-08-24 13:19:58.3480 DEBUG Disconnected: guest@localhost:5672/
2023-08-24 13:19:58.3480 DEBUG Closing model: 1 guest@localhost:5672/
2023-08-24 13:20:10.6021 ERROR Error closing the session.
2023-08-24 13:20:10.6021 DEBUG 'Fundoo_Context' disposed.
2023-08-24 13:20:10.6021 INFO Request finished in 368093.9935ms 200 application/json; charset=utf-8
2023-08-24 13:20:27.9914 DEBUG The application Started
2023-08-24 13:20:29.2064 DEBUG Hosting starting
2023-08-24 13:20:29.2785 INFO User profile is available. Using 'C:\Users\prajw\AppData\Local\ASP.NET\DataProtection-Keys' as key repository and Windows DPAPI to encrypt keys at rest.
2023-08-24 13:20:29.6771 DEBUG Reading data from file 'C:\Users\prajw\AppData\Local\ASP.NET\DataProtection-Keys\key-8776f35b-b60f-43bc-bc37-d8d7249e572b.xml'.
2023-08-24 13:20:29.6911 DEBUG Found key {8776f35b-b60f-43bc-bc37-d8d7249e572b}.
2023-08-24 13:20:29.7053 DEBUG Considering key {8776f35b-b60f-43bc-bc37-d8d7249e572b} with expiration date 2023-11-02 06:14:41Z as default key.
2023-08-24 13:20:29.7703 DEBUG Forwarded activator type request from Microsoft.AspNetCore.DataProtection.XmlEncryption.DpapiXmlDecryptor, Microsoft.AspNetCore.DataProtection, Version=3.1.32.0, Culture=neutral, PublicKeyToken=adb9793829ddae60 to Microsoft.AspNetCore.DataProtection.XmlEncryption.DpapiXmlDecryptor, Microsoft.AspNetCore.DataProtection, Culture=neutral, PublicKeyToken=adb9793829ddae60
2023-08-24 13:20:29.7818 DEBUG Decrypting secret element using Windows DPAPI.
2023-08-24 13:20:29.7818 DEBUG Forwarded activator type request from Microsoft.AspNetCore.DataProtection.AuthenticatedEncryption.ConfigurationModel.AuthenticatedEncryptorDescriptorDeserializer, Microsoft.AspNetCore.DataProtection, Version=3.1.32.0, Culture=neutral, PublicKeyToken=adb9793829ddae60 to Microsoft.AspNetCore.DataProtection.AuthenticatedEncryption.ConfigurationModel.AuthenticatedEncryptorDescriptorDeserializer, Microsoft.AspNetCore.DataProtection, Culture=neutral, PublicKeyToken=adb9793829ddae60
2023-08-24 13:20:29.7818 DEBUG Opening CNG algorithm 'AES' from provider '(null)' with chaining mode CBC.
2023-08-24 13:20:29.7818 DEBUG Opening CNG algorithm 'SHA256' from provider '(null)' with HMAC.
2023-08-24 13:20:29.7962 DEBUG Using key {8776f35b-b60f-43bc-bc37-d8d7249e572b} as the default key.
2023-08-24 13:20:29.7962 DEBUG Key ring with default key {8776f35b-b60f-43bc-bc37-d8d7249e572b} was loaded during application startup.
2023-08-24 13:20:29.7962 DEBUG Starting host: rabbitmq://localhost/
2023-08-24 13:20:29.8705 DEBUG Connect: guest@localhost:5672/
2023-08-24 13:20:30.1383 DEBUG Connected: guest@localhost:5672/ (address: amqp://localhost:5672, local: 52230)
2023-08-24 13:20:30.3584 DEBUG Loaded hosting startup assembly FundooNotes
2023-08-24 13:20:30.3584 DEBUG Loaded hosting startup assembly Microsoft.AspNetCore.Watch.BrowserRefresh
2023-08-24 13:20:30.3584 DEBUG Loaded hosting startup assembly Microsoft.WebTools.BrowserLink.Net
2023-08-24 13:20:30.3584 INFO Application started. Press Ctrl+C to shut down.
2023-08-24 13:20:30.3584 INFO Hosting environment: Development
2023-08-24 13:20:30.3584 INFO Content root path: C:\Users\prajw\source\repos\FundooNotes\FundooNotes
2023-08-24 13:20:30.3584 DEBUG Hosting started
2023-08-24 13:20:30.4194 INFO Request starting HTTP/2.0 GET https://localhost:44388/swagger/index.html  
2023-08-24 13:20:30.4874 DEBUG Wildcard detected, all requests with hosts will be allowed.
2023-08-24 13:20:30.4874 TRACE All hosts are allowed.
2023-08-24 13:20:30.4874 TRACE Performing protect operation to key {8776f35b-b60f-43bc-bc37-d8d7249e572b} with purposes ('C:\Users\prajw\source\repos\FundooNotes\FundooNotes', 'SessionMiddleware').
2023-08-24 13:20:30.6085 DEBUG AuthenticationScheme: Bearer was not authenticated.
2023-08-24 13:20:30.6744 DEBUG Response markup is scheduled to include browser refresh script injection.
2023-08-24 13:20:30.8629 INFO Request starting HTTP/2.0 GET https://localhost:44388/_framework/aspnetcore-browser-refresh.js  
2023-08-24 13:20:30.8629 INFO Request finished in 4.7164ms 200 application/javascript; charset=utf-8
2023-08-24 13:20:30.8629 INFO Request starting HTTP/2.0 GET https://localhost:44388/_vs/browserLink  
2023-08-24 13:20:30.9461 INFO Request finished in 74.4748ms 200 text/javascript; charset=UTF-8
2023-08-24 13:20:44.4126 ERROR Error closing the session.
2023-08-24 13:20:44.4250 DEBUG Response markup was updated to include browser refresh script injection.
2023-08-24 13:20:44.4250 INFO Request finished in 14017.8321ms 200 text/html;charset=utf-8
2023-08-24 13:20:44.5534 INFO Request starting HTTP/2.0 GET https://localhost:44388/swagger/v1/swagger.json  
2023-08-24 13:20:44.5534 TRACE All hosts are allowed.
2023-08-24 13:20:44.5534 TRACE Performing protect operation to key {8776f35b-b60f-43bc-bc37-d8d7249e572b} with purposes ('C:\Users\prajw\source\repos\FundooNotes\FundooNotes', 'SessionMiddleware').
2023-08-24 13:20:44.5534 DEBUG AuthenticationScheme: Bearer was not authenticated.
2023-08-24 13:20:46.8578 INFO Request starting HTTP/2.0 POST https://localhost:44388/api/User/LoginWithoutAutho application/json 68
2023-08-24 13:20:46.8578 TRACE All hosts are allowed.
2023-08-24 13:20:46.8578 DEBUG The request has an origin header: 'https://localhost:44388'.
2023-08-24 13:20:46.8578 INFO CORS policy execution successful.
2023-08-24 13:20:46.8578 TRACE Performing protect operation to key {8776f35b-b60f-43bc-bc37-d8d7249e572b} with purposes ('C:\Users\prajw\source\repos\FundooNotes\FundooNotes', 'SessionMiddleware').
2023-08-24 13:20:46.8578 DEBUG AuthenticationScheme: Bearer was not authenticated.
2023-08-24 13:20:46.8578 DEBUG POST requests are not supported
2023-08-24 13:20:46.9355 DEBUG 1 candidate(s) found for the request path '/api/User/LoginWithoutAutho'
2023-08-24 13:20:46.9405 DEBUG Endpoint 'FundooNotes.Controllers.UserController.LoginWithoutAutho (FundooNotes)' with route pattern 'api/User/LoginWithoutAutho' is valid for the request path '/api/User/LoginWithoutAutho'
2023-08-24 13:20:46.9405 DEBUG Request matched endpoint 'FundooNotes.Controllers.UserController.LoginWithoutAutho (FundooNotes)'
2023-08-24 13:20:46.9405 INFO Executing endpoint 'FundooNotes.Controllers.UserController.LoginWithoutAutho (FundooNotes)'
2023-08-24 13:20:46.9566 DEBUG Registered model binder providers, in the following order: Microsoft.AspNetCore.Mvc.ModelBinding.Binders.BinderTypeModelBinderProvider, Microsoft.AspNetCore.Mvc.ModelBinding.Binders.ServicesModelBinderProvider, Microsoft.AspNetCore.Mvc.ModelBinding.Binders.BodyModelBinderProvider, Microsoft.AspNetCore.Mvc.ModelBinding.Binders.HeaderModelBinderProvider, Microsoft.AspNetCore.Mvc.ModelBinding.Binders.FloatingPointTypeModelBinderProvider, Microsoft.AspNetCore.Mvc.ModelBinding.Binders.EnumTypeModelBinderProvider, Microsoft.AspNetCore.Mvc.ModelBinding.Binders.SimpleTypeModelBinderProvider, Microsoft.AspNetCore.Mvc.ModelBinding.Binders.CancellationTokenModelBinderProvider, Microsoft.AspNetCore.Mvc.ModelBinding.Binders.ByteArrayModelBinderProvider, Microsoft.AspNetCore.Mvc.ModelBinding.Binders.FormFileModelBinderProvider, Microsoft.AspNetCore.Mvc.ModelBinding.Binders.FormCollectionModelBinderProvider, Microsoft.AspNetCore.Mvc.ModelBinding.Binders.KeyValuePairModelBinderProvider, Microsoft.AspNetCore.Mvc.ModelBinding.Binders.DictionaryModelBinderProvider, Microsoft.AspNetCore.Mvc.ModelBinding.Binders.ArrayModelBinderProvider, Microsoft.AspNetCore.Mvc.ModelBinding.Binders.CollectionModelBinderProvider, Microsoft.AspNetCore.Mvc.ModelBinding.Binders.ComplexTypeModelBinderProvider
2023-08-24 13:20:47.0228 INFO Route matched with {action = "LoginWithoutAutho", controller = "User"}. Executing controller action with signature Microsoft.AspNetCore.Mvc.IActionResult LoginWithoutAutho(CommonLayer.RequestModels.LoginModel) on controller FundooNotes.Controllers.UserController (FundooNotes).
2023-08-24 13:20:47.0228 DEBUG Execution plan of authorization filters (in the following order): None
2023-08-24 13:20:47.0228 DEBUG Execution plan of resource filters (in the following order): None
2023-08-24 13:20:47.0228 DEBUG Execution plan of action filters (in the following order): Microsoft.AspNetCore.Mvc.ModelBinding.UnsupportedContentTypeFilter (Order: -3000), Microsoft.AspNetCore.Mvc.Infrastructure.ModelStateInvalidFilter (Order: -2000)
2023-08-24 13:20:47.0228 DEBUG Execution plan of exception filters (in the following order): None
2023-08-24 13:20:47.0228 DEBUG Execution plan of result filters (in the following order): Microsoft.AspNetCore.Mvc.Infrastructure.ClientErrorResultFilter (Order: -2000)
2023-08-24 13:20:47.0228 DEBUG Executing controller factory for controller FundooNotes.Controllers.UserController (FundooNotes)
2023-08-24 13:20:47.3849 DEBUG An 'IServiceProvider' was created for internal use by Entity Framework.
2023-08-24 13:20:47.4462 DEBUG Executed controller factory for controller FundooNotes.Controllers.UserController (FundooNotes)
2023-08-24 13:20:47.4627 DEBUG Attempting to bind parameter 'loginModel' of type 'CommonLayer.RequestModels.LoginModel' ...
2023-08-24 13:20:47.4704 DEBUG Attempting to bind parameter 'loginModel' of type 'CommonLayer.RequestModels.LoginModel' using the name '' in request data ...
2023-08-24 13:20:47.4704 DEBUG Selected input formatter 'Microsoft.AspNetCore.Mvc.Formatters.SystemTextJsonInputFormatter' for content type 'application/json'.
2023-08-24 13:20:47.4988 DEBUG JSON input formatter succeeded, deserializing to type 'CommonLayer.RequestModels.LoginModel'
2023-08-24 13:20:47.4988 DEBUG Done attempting to bind parameter 'loginModel' of type 'CommonLayer.RequestModels.LoginModel'.
2023-08-24 13:20:47.4988 DEBUG Done attempting to bind parameter 'loginModel' of type 'CommonLayer.RequestModels.LoginModel'.
2023-08-24 13:20:47.4988 DEBUG Attempting to validate the bound parameter 'loginModel' of type 'CommonLayer.RequestModels.LoginModel' ...
2023-08-24 13:20:47.4988 DEBUG Done attempting to validate the bound parameter 'loginModel' of type 'CommonLayer.RequestModels.LoginModel'.
2023-08-24 13:20:47.5147 TRACE Action Filter: Before executing OnActionExecuting on filter Microsoft.AspNetCore.Mvc.ModelBinding.UnsupportedContentTypeFilter.
2023-08-24 13:20:47.5147 TRACE Action Filter: After executing OnActionExecuting on filter Microsoft.AspNetCore.Mvc.ModelBinding.UnsupportedContentTypeFilter.
2023-08-24 13:20:47.5147 TRACE Action Filter: Before executing OnActionExecuting on filter Microsoft.AspNetCore.Mvc.Infrastructure.ModelStateInvalidFilter.
2023-08-24 13:20:47.5147 TRACE Action Filter: After executing OnActionExecuting on filter Microsoft.AspNetCore.Mvc.Infrastructure.ModelStateInvalidFilter.
2023-08-24 13:20:47.5147 INFO Executing action method FundooNotes.Controllers.UserController.LoginWithoutAutho (FundooNotes) - Validation state: Valid
2023-08-24 13:20:47.5147 TRACE Executing action method FundooNotes.Controllers.UserController.LoginWithoutAutho (FundooNotes) with arguments (CommonLayer.RequestModels.LoginModel)
2023-08-24 13:20:49.2652 INFO Entity Framework Core 3.1.0 initialized 'Fundoo_Context' using provider 'Microsoft.EntityFrameworkCore.SqlServer' with options: None
2023-08-24 13:20:49.8806 DEBUG queryContext => new QueryingEnumerable<UserEntity>(
    (RelationalQueryContext)queryContext, 
    RelationalCommandCache, 
    null, 
    null, 
    Func<QueryContext, DbDataReader, ResultContext, int[], ResultCoordinator, UserEntity>, 
    RepositoryLayer.Context.Fundoo_Context, 
    DiagnosticsLogger<Query>
)
    .SingleOrDefault()
2023-08-24 13:20:49.9649 DEBUG Creating DbCommand for 'ExecuteReader'.
2023-08-24 13:20:50.4170 DEBUG Created DbCommand for 'ExecuteReader' (444ms).
2023-08-24 13:20:50.4402 DEBUG Opening connection to database 'FundooDB' on server 'PRAJWAL'.
2023-08-24 13:20:50.8998 DEBUG Opened connection to database 'FundooDB' on server 'PRAJWAL'.
2023-08-24 13:20:50.9394 DEBUG Executing DbCommand [Parameters=[@__8__locals1_loginModel_Email_0='?' (Size = 4000), @__encodedPassword_1='?' (Size = 4000)], CommandType='Text', CommandTimeout='30']
SELECT TOP(1) [u].[UserId], [u].[Email], [u].[FirstName], [u].[LastName], [u].[Password], [u].[createdAt], [u].[updatedAt]
FROM [Users] AS [u]
WHERE ([u].[Email] = @__8__locals1_loginModel_Email_0) AND ([u].[Password] = @__encodedPassword_1)
2023-08-24 13:20:51.1417 INFO Executed DbCommand (223ms) [Parameters=[@__8__locals1_loginModel_Email_0='?' (Size = 4000), @__encodedPassword_1='?' (Size = 4000)], CommandType='Text', CommandTimeout='30']
SELECT TOP(1) [u].[UserId], [u].[Email], [u].[FirstName], [u].[LastName], [u].[Password], [u].[createdAt], [u].[updatedAt]
FROM [Users] AS [u]
WHERE ([u].[Email] = @__8__locals1_loginModel_Email_0) AND ([u].[Password] = @__encodedPassword_1)
2023-08-24 13:20:51.2785 DEBUG Context 'Fundoo_Context' started tracking 'UserEntity' entity. Consider using 'DbContextOptionsBuilder.EnableSensitiveDataLogging' to see key values.
2023-08-24 13:20:51.3701 DEBUG A data reader was disposed.
2023-08-24 13:20:51.3782 DEBUG Closing connection to database 'FundooDB' on server 'PRAJWAL'.
2023-08-24 13:20:51.3976 DEBUG Closed connection to database 'FundooDB' on server 'PRAJWAL'.
2023-08-24 13:20:58.6749 ERROR Error closing the session.
2023-08-24 13:20:58.6749 INFO Request finished in 14123.5366ms 200 application/json;charset=utf-8
2023-08-24 13:21:11.8654 ERROR Session cache read exception, Key:84b493c0-66a0-11b3-8641-613a8481ac6c
2023-08-24 13:22:40.0120 INFO Executed action method FundooNotes.Controllers.UserController.LoginWithoutAutho (FundooNotes), returned result Microsoft.AspNetCore.Mvc.OkObjectResult in 112437.3721ms.
2023-08-24 13:22:40.0143 TRACE Action Filter: Before executing OnActionExecuted on filter Microsoft.AspNetCore.Mvc.Infrastructure.ModelStateInvalidFilter.
2023-08-24 13:22:40.0143 TRACE Action Filter: After executing OnActionExecuted on filter Microsoft.AspNetCore.Mvc.Infrastructure.ModelStateInvalidFilter.
2023-08-24 13:22:40.0143 TRACE Action Filter: Before executing OnActionExecuted on filter Microsoft.AspNetCore.Mvc.ModelBinding.UnsupportedContentTypeFilter.
2023-08-24 13:22:40.0143 TRACE Action Filter: After executing OnActionExecuted on filter Microsoft.AspNetCore.Mvc.ModelBinding.UnsupportedContentTypeFilter.
2023-08-24 13:22:40.0143 TRACE Result Filter: Before executing OnResultExecuting on filter Microsoft.AspNetCore.Mvc.Infrastructure.ClientErrorResultFilter.
2023-08-24 13:22:40.0143 TRACE Result Filter: After executing OnResultExecuting on filter Microsoft.AspNetCore.Mvc.Infrastructure.ClientErrorResultFilter.
2023-08-24 13:22:40.0143 TRACE Before executing action result Microsoft.AspNetCore.Mvc.OkObjectResult.
2023-08-24 13:22:40.0143 DEBUG List of registered output formatters, in the following order: Microsoft.AspNetCore.Mvc.Formatters.HttpNoContentOutputFormatter, Microsoft.AspNetCore.Mvc.Formatters.StringOutputFormatter, Microsoft.AspNetCore.Mvc.Formatters.StreamOutputFormatter, Microsoft.AspNetCore.Mvc.Formatters.SystemTextJsonOutputFormatter
2023-08-24 13:22:40.0143 DEBUG No information found on request to perform content negotiation.
2023-08-24 13:22:40.0288 DEBUG Attempting to select an output formatter without using a content type as no explicit content types were specified for the response.
2023-08-24 13:22:40.0288 DEBUG Attempting to select the first formatter in the output formatters list which can write the result.
2023-08-24 13:22:40.0288 DEBUG Selected output formatter 'Microsoft.AspNetCore.Mvc.Formatters.SystemTextJsonOutputFormatter' and content type 'application/json' to write the response.
2023-08-24 13:22:40.0288 INFO Executing ObjectResult, writing value of type 'CommonLayer.Models.ResponseModel`1[[RepositoryLayer.Entity.UserEntity, RepositoryLayer, Version=1.0.0.0, Culture=neutral, PublicKeyToken=null]]'.
2023-08-24 13:22:40.0638 TRACE After executing action result Microsoft.AspNetCore.Mvc.OkObjectResult.
2023-08-24 13:22:40.0638 TRACE Result Filter: Before executing OnResultExecuted on filter Microsoft.AspNetCore.Mvc.Infrastructure.ClientErrorResultFilter.
2023-08-24 13:22:40.0638 TRACE Result Filter: After executing OnResultExecuted on filter Microsoft.AspNetCore.Mvc.Infrastructure.ClientErrorResultFilter.
2023-08-24 13:22:40.0808 INFO Executed action FundooNotes.Controllers.UserController.LoginWithoutAutho (FundooNotes) in 113046.0772ms
2023-08-24 13:22:40.0808 INFO Executed endpoint 'FundooNotes.Controllers.UserController.LoginWithoutAutho (FundooNotes)'
2023-08-24 13:22:52.3334 ERROR Error closing the session.
2023-08-24 13:22:52.3334 DEBUG 'Fundoo_Context' disposed.
2023-08-24 13:22:52.3520 INFO Request finished in 125495.2154ms 200 application/json; charset=utf-8
